<?xml version="1.0" encoding="UTF-8"?>
<!-- Generated by org.testng.reporters.JUnitReportReporter -->
<testsuite skipped="0" hostname="IN-6620GC2" name="com.selenium.grid.OpenSeleniuumGrid" tests="1" failures="0" timestamp="12 May 2018 02:37:52 GMT" time="1.024" errors="0">
  <testcase name="testGooglePageTitleInIEBrowser" time="1.024" classname="com.selenium.grid.OpenSeleniuumGrid"/>
</testsuite> <!-- com.selenium.grid.OpenSeleniuumGrid -->
