<?xml version="1.0" encoding="UTF-8"?>
<!-- Generated by org.testng.reporters.JUnitXMLReporter -->
<testsuite hostname="IN-6620GC2" ignored="0" name="Test-IE" tests="2" failures="0" timestamp="12 May 2018 04:29:54 GMT" time="15.061" errors="0">
  <testcase name="testGooglePageTitleInIEBrowser" time="5.569" classname="com.selenium.grid.ExecuteTestOnAllBrowsers"/>
  <testcase name="testSearchGoogle" time="4.203" classname="com.selenium.grid.ExecuteTestOnAllBrowsers"/>
</testsuite> <!-- Test-IE -->
