<?xml version="1.0" encoding="UTF-8"?>
<!-- Generated by org.testng.reporters.JUnitXMLReporter -->
<testsuite hostname="IN-6620GC2" ignored="0" name="Test-FF" tests="2" failures="0" timestamp="12 May 2018 04:29:55 GMT" time="16.785" errors="0">
  <testcase name="testGooglePageTitleInIEBrowser" time="7.535" classname="com.selenium.grid.ExecuteTestOnAllBrowsers"/>
  <testcase name="testSearchGoogle" time="3.455" classname="com.selenium.grid.ExecuteTestOnAllBrowsers"/>
</testsuite> <!-- Test-FF -->
